(1649249898.730936) can0 243#00000000A0000400
(1649249898.731167) can0 33A#0000000000005B00
(1649249898.731296) can0 33B#001E
(1649249899.730769) can0 33B#001E
(1649249899.731022) can0 33A#0000000000005B00
(1649249899.731262) can0 243#00000000A0000400
(1649249900.731342) can0 243#00000000A0000400
(1649249900.731775) can0 33B#001E
(1649249900.731921) can0 33A#0000000000005B00
(1649249901.731338) can0 33A#0000000000005B00
(1649249901.731625) can0 33B#001E
(1649249901.731715) can0 243#00000000A0000400
(1649249902.730893) can0 243#00000000A0000400
(1649249902.731114) can0 33A#0000000000005B00
(1649249902.731263) can0 33B#001E
(1649249903.730869) can0 33B#001E
(1649249903.731124) can0 33A#0000000000005B00
(1649249903.731359) can0 243#00000000A0000400
(1649249904.730897) can0 243#00000000A0000400
(1649249904.731078) can0 33B#001E
(1649249904.731249) can0 33A#0000000000005B00
(1649249905.730936) can0 33A#0000000000005B00
(1649249905.731094) can0 33B#001E
(1649249905.731274) can0 243#00000000A0000400
(1649249906.731464) can0 243#00000000A0000400
(1649249906.731678) can0 33A#0000000000005B00
(1649249906.731839) can0 33B#011E
(1649249907.731862) can0 33B#011E
(1649249907.732088) can0 33A#0000000000005B00
(1649249907.732271) can0 243#00000000A0000400
(1649249908.731453) can0 243#00000000A0000400
(1649249908.731642) can0 33B#011E
(1649249908.731813) can0 33A#0000000000005B00
(1649249909.731087) can0 33A#0000000000005B00
(1649249909.731268) can0 33B#011E
(1649249909.731428) can0 243#00000000A0000400
(1649249910.731414) can0 243#00000000A0000400
(1649249910.731643) can0 33A#0000000000005B00
(1649249910.731820) can0 33B#011E
(1649249911.731164) can0 33B#011E
(1649249911.731503) can0 33A#0000000000005B00
(1649249911.731668) can0 243#00000000A0000400
(1649249912.731218) can0 243#00000000A0000400
(1649249912.731402) can0 33B#011E
(1649249912.731554) can0 33A#0000000000005B00
(1649249913.731276) can0 33A#0000000000005B00
(1649249913.731570) can0 33B#011E
(1649249913.731654) can0 243#00000000A0000400
(1649249914.731243) can0 243#00000000A0000400
(1649249914.731490) can0 33A#0000000000005B00
(1649249914.731767) can0 33B#011E
(1649249915.731575) can0 33B#011E
(1649249915.731787) can0 33A#0000000000005B00
(1649249915.732476) can0 243#00000000A0000400
(1649249916.731585) can0 243#00000000A0000400
(1649249916.731769) can0 33B#011E
(1649249916.731913) can0 33A#0000000000005B00
(1649249917.731580) can0 33A#0000000000005B00
(1649249917.731768) can0 33B#011E
(1649249917.731932) can0 243#00000000A0000400
(1649249918.731645) can0 243#00000000A0000400
(1649249918.731883) can0 33A#0000000000005B00
(1649249918.731998) can0 33B#011E
(1649249919.731311) can0 33B#011E
(1649249919.731562) can0 33A#0000000000005B00
(1649249919.731729) can0 243#00000000A0000400
(1649249920.731653) can0 243#00000000A0000400
(1649249920.731843) can0 33B#011E
(1649249920.732002) can0 33A#0000000000005B00
(1649249921.731360) can0 33A#0000000000005B00
(1649249921.731546) can0 33B#011E
(1649249921.732855) can0 243#00000000A0000400
(1649249922.731810) can0 243#00000000A0000400
(1649249922.732033) can0 33A#0000000000005B00
(1649249922.732249) can0 33B#011E
(1649249923.731629) can0 33B#011E
(1649249923.731894) can0 33A#0000000000005B00
(1649249923.732461) can0 243#00000000A0000400
(1649249924.731774) can0 243#00000000A0000400
(1649249924.731918) can0 33B#011E
(1649249924.733569) can0 33A#0000000000005B00
(1649249925.731603) can0 33A#0000000000005B00
(1649249925.731802) can0 33B#011E
(1649249925.731940) can0 243#00000000A0000400
(1649249926.731864) can0 243#00000000A0000400
(1649249926.732075) can0 33A#0000000000005B00
(1649249926.732220) can0 33B#011E
(1649249927.731670) can0 33B#011E
(1649249927.731932) can0 33A#0000000000005B00
(1649249927.732149) can0 243#00000000A0000400
(1649249928.731829) can0 243#00000000A0000400
(1649249928.732006) can0 33B#011E
(1649249928.732439) can0 33A#0000000000005B00
(1649249929.731624) can0 33A#0000000000005B00
(1649249929.731827) can0 33B#011E
(1649249929.731989) can0 243#00000000A0000400
(1649249930.732065) can0 243#00000000A0000400
(1649249930.732303) can0 33A#0000000000005B00
(1649249930.732539) can0 33B#011E
(1649249931.731798) can0 33B#011E
(1649249931.732005) can0 33A#0000000000005B00
(1649249931.732497) can0 243#00000000AF000400
(1649249932.731716) can0 243#00000000AF000400
(1649249932.731903) can0 33B#011E
(1649249932.732062) can0 33A#0000000000005B00
(1649249933.731964) can0 33A#0000000000005B00
(1649249933.732213) can0 33B#011E
(1649249933.732299) can0 243#00000000AF000400
(1649249934.731662) can0 243#00000000AF000400
(1649249934.731898) can0 33A#0000000000005B00
(1649249934.732028) can0 33B#011E
(1649249935.731800) can0 33B#011E
(1649249935.732015) can0 33A#0000000000005B00
(1649249935.732248) can0 243#00000000AF000400
(1649249936.731745) can0 243#00000000AF000400
(1649249936.731925) can0 33B#011E
(1649249936.732081) can0 33A#0000000000005B00
(1649249937.731756) can0 33A#0000000000005B00
(1649249937.732000) can0 33B#011E
(1649249937.732153) can0 243#00000000AF000400
(1649249938.731869) can0 243#00000000AF000400
(1649249938.732093) can0 33A#0000000000005B00
(1649249938.732245) can0 33B#011E
(1649249939.731606) can0 33B#011E
(1649249939.731872) can0 33A#0000000000005B00
(1649249939.732113) can0 243#00000000AF000400
(1649249940.732897) can0 243#00000000AF000400
(1649249940.733116) can0 33B#011E
(1649249940.733221) can0 33A#0000000000005B00
(1649249941.732109) can0 33A#0000000000005B00
(1649249941.732308) can0 33B#011E
(1649249941.732476) can0 243#00000000AF000400
(1649249942.732292) can0 243#00000000AF000400
(1649249942.732517) can0 33A#0000000000005B00
(1649249942.732664) can0 33B#011E
(1649249943.732158) can0 33B#011E
(1649249943.732383) can0 33A#0000000000005B00
(1649249943.732530) can0 243#00000000AF000400
(1649249944.732373) can0 243#00000000AF000400
(1649249944.732565) can0 33B#011E
(1649249944.733568) can0 33A#0000000000005B00
(1649249945.732223) can0 33A#0000000000005B00
(1649249945.732415) can0 33B#011E
(1649249945.732598) can0 243#00000000AF000400
(1649249946.732158) can0 243#00000000AF000400
(1649249946.732369) can0 33A#0000000000005B00
(1649249946.732466) can0 33B#011E
(1649249947.732258) can0 33B#011E
(1649249947.732477) can0 33A#0000000000005B00
(1649249947.732659) can0 243#00000000AF000400
(1649249948.731944) can0 243#00000000AF000400
(1649249948.732125) can0 33B#011E
(1649249948.732432) can0 33A#0000000000005B00
(1649249949.732054) can0 33A#0000000000005B00
(1649249949.732248) can0 33B#011E
(1649249949.732411) can0 243#00000000AF000400
(1649249950.732026) can0 243#00000000AF000400
(1649249950.732274) can0 33A#0000000000005B00
(1649249950.732390) can0 33B#011E
(1649249951.732260) can0 33B#011E
(1649249951.732489) can0 33A#0000000000005B00
(1649249951.732744) can0 243#00000000AF000400
(1649249952.732489) can0 243#00000000AF000400
(1649249952.732768) can0 33B#011E
(1649249952.732899) can0 33A#0000000000005B00
(1649249953.732159) can0 33A#0000000000005B00
(1649249953.732357) can0 33B#011E
(1649249953.732505) can0 243#00000000AF000400
(1649249954.732182) can0 243#00000000AF000400
(1649249954.732397) can0 33A#0000000000005B00
(1649249954.732464) can0 33B#011E
(1649249955.732130) can0 33B#011E
(1649249955.732349) can0 33A#0000000000005B00
(1649249955.732657) can0 243#00000000AF000400
(1649249956.732583) can0 243#00000000AF000400
(1649249956.732776) can0 33B#011E
(1649249956.732919) can0 33A#0000000000005B00
(1649249957.732416) can0 33A#0000000000005B00
(1649249957.733803) can0 33B#011E
(1649249957.734042) can0 243#00000000AF000400
(1649249958.732699) can0 243#00000000AF000400
(1649249958.732936) can0 33A#0000000000005B00
(1649249958.733083) can0 33B#011E
(1649249959.732241) can0 33B#011E
(1649249959.732606) can0 33A#0000000000005B00
(1649249959.732773) can0 243#00000000AF000400
(1649249960.732346) can0 243#00000000AF000400
(1649249960.732636) can0 33B#011E
(1649249960.732721) can0 33A#0000000000005B00
(1649249961.732299) can0 33A#0000000000005B00
(1649249961.732618) can0 33B#011E
(1649249961.732691) can0 243#00000000AF000400
(1649249962.732995) can0 243#00000000AF000400
(1649249962.733780) can0 33A#0000000000005B00
(1649249962.733925) can0 33B#011E
(1649249963.732299) can0 33B#011E
(1649249963.732489) can0 33A#0000000000005B00
(1649249963.732657) can0 243#00000000AF000400
(1649249964.732363) can0 243#00000000AF000400
(1649249964.732535) can0 33B#011E
(1649249964.732687) can0 33A#0000000000005B00
(1649249965.732369) can0 33A#0000000000005B00
(1649249965.732569) can0 33B#011E
(1649249965.732765) can0 243#00000000AF000400
(1649249966.732436) can0 243#00000000AF000400
(1649249966.732733) can0 33A#0000000000005B00
(1649249966.732892) can0 33B#011E
(1649249967.732426) can0 33B#011E
(1649249967.732677) can0 33A#0000000000005B00
(1649249967.732846) can0 243#00000000AF000400
(1649249968.732559) can0 243#00000000AF000400
(1649249968.732759) can0 33B#011E
(1649249968.733068) can0 33A#0000000000005B00
(1649249969.732547) can0 33A#0000000000005B00
(1649249969.732663) can0 33B#011E
(1649249969.732831) can0 243#00000000AF000400
(1649249970.733036) can0 243#00000000AF000400
(1649249970.733233) can0 33A#0000000000005B00
(1649249970.733337) can0 33B#011E
(1649249971.732743) can0 33B#011E
(1649249971.732966) can0 33A#0000000000005B00
(1649249971.733214) can0 243#00000000AF000400
(1649249972.732903) can0 243#00000000AF000400
(1649249972.733068) can0 33B#011E
(1649249972.733246) can0 33A#0000000000005400
(1649249973.732544) can0 33A#0000000000005400
(1649249973.732738) can0 33B#011E
(1649249973.732899) can0 243#00000000AF000400
(1649249974.732648) can0 243#00000000AF000400
(1649249974.732871) can0 33A#0000000000005400
(1649249974.733031) can0 33B#011E
(1649249975.732822) can0 33B#011E
(1649249975.733183) can0 33A#0000000000005400
(1649249975.733313) can0 243#00000000AF000400
(1649249976.732674) can0 243#00000000AF000400
(1649249976.732893) can0 33B#011E
(1649249976.733141) can0 33A#0000000000005400
(1649249977.732611) can0 33A#0000000000005400
(1649249977.732905) can0 33B#011E
(1649249977.733039) can0 243#00000000AF000400
(1649249978.732931) can0 243#00000000AF000400
(1649249978.733152) can0 33A#0000000000004D00
(1649249978.733312) can0 33B#011E
(1649249979.732592) can0 33B#011E
(1649249979.732827) can0 33A#0000000000004D00
(1649249979.733069) can0 243#00000000AF000400
(1649249980.732920) can0 243#00000000AF000400
(1649249980.733063) can0 33B#011E
(1649249980.733567) can0 33A#0000000000004D00
(1649249981.733017) can0 33A#0000000000004D00
(1649249981.733150) can0 33B#011E
(1649249981.733328) can0 243#00000000AF000400
(1649249982.732816) can0 243#00000000AF000400
(1649249982.733042) can0 33A#0000000000004D00
(1649249982.733574) can0 33B#011E
(1649249983.732805) can0 33B#011E
(1649249983.733023) can0 33A#0000000000004D00
(1649249983.733247) can0 243#00000000AF000400
(1649249984.733176) can0 243#00000000AF000400
(1649249984.733364) can0 33B#011E
(1649249984.733574) can0 33A#0000000000004D00
(1649249985.733220) can0 33A#0000000000003F00
(1649249985.733403) can0 33B#011E
(1649249985.733541) can0 243#00000000AF000400
(1649249986.732984) can0 243#00000000AF000400
(1649249986.733256) can0 33A#0000000000003F00
(1649249986.733386) can0 33B#011E
(1649249987.733053) can0 33B#011E
(1649249987.733245) can0 33A#0000000000003F00
(1649249987.733561) can0 243#00000000AF000400
(1649249988.732895) can0 243#00000000AF000400
(1649249988.733080) can0 33B#011E
(1649249988.733568) can0 33A#0000000000003F00
(1649249989.733266) can0 33A#0000000000003F00
(1649249989.733460) can0 33B#011E
(1649249989.733636) can0 243#00000000AF000400
(1649249990.732957) can0 243#00000000AF000400
(1649249990.733167) can0 33A#0000000000003F00
(1649249990.733543) can0 33B#011E
(1649249991.733034) can0 33B#011E
(1649249991.733232) can0 33A#0000000000003F00
(1649249991.733397) can0 243#00000000AF000400
(1649249992.733464) can0 243#00000000AF000400
(1649249992.733651) can0 33B#011E
(1649249992.733822) can0 33A#0000000000003100
(1649249993.733425) can0 33A#0000000000003100
(1649249993.733828) can0 33B#011E
(1649249993.733850) can0 243#00000000AF000400
(1649249994.733663) can0 243#00000000AF000400
(1649249994.733874) can0 33A#0000000000003100
(1649249994.734010) can0 33B#011E
(1649249995.733408) can0 33B#011E
(1649249995.733656) can0 33A#0000000000003100
(1649249995.733852) can0 243#00000000AF000400
(1649249996.733167) can0 243#00000000AF000400
(1649249996.733309) can0 33B#011E
(1649249996.733463) can0 33A#0000000000003100
(1649249997.733202) can0 33A#0000000000003100
(1649249997.733448) can0 33B#011E
(1649249997.733972) can0 243#00000000AF000400
(1649249998.733565) can0 243#00000000AF000400
(1649249998.733774) can0 33A#0000000000003100
(1649249998.733880) can0 33B#011E
(1649249999.733101) can0 33B#011E
(1649249999.733349) can0 33A#0000000000002300
(1649249999.733574) can0 243#00000000AF000400
(1649250000.733429) can0 243#00000000AF000400
(1649250000.733632) can0 33B#011E
(1649250000.734044) can0 33A#0000000000002300
(1649250001.733563) can0 33A#0000000000002300
(1649250001.733736) can0 33B#011E
(1649250001.733919) can0 243#00000000AF000400
(1649250002.733650) can0 243#00000000AF000400
(1649250002.733880) can0 33A#0000000000002300
(1649250002.734026) can0 33B#011E
(1649250003.733187) can0 33B#011E
(1649250003.733409) can0 33A#0000000000002300
(1649250003.733687) can0 243#00000000AF000400
(1649250004.733708) can0 243#00000000AF000400
(1649250004.733946) can0 33B#011E
(1649250004.734315) can0 33A#0000000000002300
(1649250005.733280) can0 33A#0000000000002300
(1649250005.733552) can0 33B#011E
(1649250005.733710) can0 243#00000000AF000400
(1649250006.733399) can0 243#00000000AF000400
(1649250006.733565) can0 33A#0000000000001500
(1649250006.733795) can0 33B#011E
(1649250007.733255) can0 33B#011E
(1649250007.733563) can0 33A#0000000000001500
(1649250007.733734) can0 243#00000000AF000400
(1649250008.733385) can0 243#00000000AF000400
(1649250008.733564) can0 33B#011E
(1649250008.733721) can0 33A#0000000000001500
(1649250009.733394) can0 33A#0000000000001500
(1649250009.733630) can0 33B#011E
(1649250009.733785) can0 243#00000000AF000400
(1649250010.733719) can0 243#00000000AF000400
(1649250010.733924) can0 33A#0000000000001500
(1649250010.734052) can0 33B#011E
(1649250011.733681) can0 33B#011E
(1649250011.734136) can0 33A#0000000000001500
(1649250011.734277) can0 243#00000000AF000400
(1649250012.733572) can0 243#00000000AF000400
(1649250012.733827) can0 33B#011E
(1649250012.733935) can0 33A#0000000000001500
(1649250013.733696) can0 33A#0000000000000E00
(1649250013.733868) can0 33B#011E
(1649250013.734030) can0 243#00000000AF000400
(1649250014.733946) can0 243#00000000AF000400
(1649250014.734179) can0 33A#0000000000000E00
(1649250014.734534) can0 33B#011E
(1649250015.733719) can0 33B#011E
(1649250015.733970) can0 33A#0000000000000E00
(1649250015.734121) can0 243#00000000AF000400
(1649250016.733659) can0 243#00000000AF000400
(1649250016.733893) can0 33B#011E
(1649250016.734053) can0 33A#0000000000000E00
(1649250017.733613) can0 33A#0000000000000E00
(1649250017.733787) can0 33B#011E
(1649250017.733992) can0 243#00000000AF000400
(1649250018.734105) can0 243#00000000AF000400
(1649250018.734645) can0 33A#0000000000000E00
(1649250018.734737) can0 33B#011E
(1649250019.733714) can0 33B#011E
(1649250019.734076) can0 33A#0000000000000E00
(1649250019.734217) can0 243#00000000AF000400
(1649250020.733739) can0 243#00000000AF000400
(1649250020.734035) can0 33B#011E
(1649250020.734165) can0 33A#0000000000000E00
(1649250021.733829) can0 33A#0000000000000E00
(1649250021.734062) can0 33B#011E
(1649250021.734236) can0 243#00000000AF000400
(1649250022.733965) can0 243#00000000AF000400
(1649250022.734188) can0 33A#0000000000000E00
(1649250022.734349) can0 33B#011E
(1649250023.734052) can0 33B#011E
(1649250023.734331) can0 33A#0000000000000E00
(1649250023.734480) can0 243#00000000AF000400
(1649250024.733785) can0 243#00000000AF000400
(1649250024.734064) can0 33B#011E
(1649250024.734147) can0 33A#0000000000000E00
(1649250025.733942) can0 33A#0000000000000E00
(1649250025.734126) can0 33B#011E
(1649250025.734782) can0 243#00000000AF000400
(1649250026.734174) can0 243#00000000AF000400
(1649250026.734398) can0 33A#0000000000000E00
(1649250026.734529) can0 33B#011E
(1649250027.733872) can0 33B#011E
(1649250027.734132) can0 33A#0000000000000E00
(1649250027.734278) can0 243#00000000AF000400
(1649250028.733890) can0 243#00000000AF000400
(1649250028.734079) can0 33B#011E
(1649250028.734267) can0 33A#0000000000000E00
(1649250029.733933) can0 33A#0000000000000E00
(1649250029.734115) can0 33B#011E
(1649250029.735468) can0 243#00000000AF000400
(1649250030.733963) can0 243#00000000AF000400
(1649250030.734187) can0 33A#0000000000000E00
(1649250030.734344) can0 33B#011E
(1649250031.734127) can0 33B#011E
(1649250031.734365) can0 33A#0000000000000E00
(1649250031.734613) can0 243#00000000AF000400
(1649250032.734290) can0 243#00000000AF000400
(1649250032.734480) can0 33B#011E
(1649250032.737570) can0 33A#0000000000000E00
(1649250033.734189) can0 33A#0000000000000E00
(1649250033.734359) can0 33B#001E
(1649250033.734491) can0 243#00000000AF000400
(1649250034.734382) can0 243#00000000AF000400
(1649250034.734605) can0 33A#0000000000000E00
(1649250034.734743) can0 33B#001E
(1649250035.733945) can0 33B#001E
(1649250035.734190) can0 33A#0000000000000E00
(1649250035.734412) can0 243#00000000AF000400
(1649250036.734410) can0 243#00000000AF000400
(1649250036.734600) can0 33B#001E
(1649250036.737569) can0 33A#0000000000000E00
(1649250037.734015) can0 33A#0000000000000E00
(1649250037.734208) can0 33B#001E
(1649250037.734373) can0 243#00000000AF000400
(1649250038.734104) can0 243#00000000AF000400
(1649250038.734325) can0 33A#0000000000000E00
(1649250038.734626) can0 33B#001E
